[2017/06/14T11:28:45.681+08:00] APIdoc's URL path is '/myapidoc/' [check direct ip for filter] <qiniu-go>
[2017/06/14T11:28:45.681+08:00] [SYS]     GET | /                              <qiniu-go>
[2017/06/14T11:28:45.681+08:00] [SYS]     GET | /MP_verify_FfXgomWspAkznBQA.txt <qiniu-go>
[2017/06/14T11:28:45.681+08:00] [SYS]     GET | /MP_verify_Z2Q4pyfE628bSDwp.txt <qiniu-go>
[2017/06/14T11:28:45.681+08:00] [SYS]     GET | /addressList.html              <qiniu-go>
[2017/06/14T11:28:45.681+08:00] [SYS]     GET | /ajax/blingRecharge/getRechargeMoney <qiniu-go>
[2017/06/14T11:28:45.681+08:00] [SYS]     GET | /ajax/index/uploadImg          <qiniu-go>
[2017/06/14T11:28:45.681+08:00] [SYS]     GET | /ajax/isLogin                  <qiniu-go>
[2017/06/14T11:28:45.681+08:00] [SYS]     GET | /ajax/liveAuthentication/StoreIdCard <qiniu-go>
[2017/06/14T11:28:45.681+08:00] [SYS]     GET | /ajax/liveAuthentication/uploadImg <qiniu-go>
[2017/06/14T11:28:45.681+08:00] [SYS]    POST | /api/shop/addCategory          <qiniu-go>
[2017/06/14T11:28:45.681+08:00] [SYS]    POST | /api/shop/addGoods             <qiniu-go>
[2017/06/14T11:28:45.681+08:00] [SYS]    POST | /api/shop/addReceiptAddr       <qiniu-go>
[2017/06/14T11:28:45.682+08:00] [SYS]    POST | /api/shop/allCategory          <qiniu-go>
[2017/06/14T11:28:45.682+08:00] [SYS]    POST | /api/shop/applyRefund          <qiniu-go>
[2017/06/14T11:28:45.682+08:00] [SYS]    POST | /api/shop/createOrder          <qiniu-go>
[2017/06/14T11:28:45.682+08:00] [SYS]    POST | /api/shop/delReceiptAddr       <qiniu-go>
[2017/06/14T11:28:45.682+08:00] [SYS]    POST | /api/shop/getDownsaleGoods     <qiniu-go>
[2017/06/14T11:28:45.682+08:00] [SYS]    POST | /api/shop/getOnsaleGoods       <qiniu-go>
[2017/06/14T11:28:45.682+08:00] [SYS]    POST | /api/shop/getUserReceiptAddr   <qiniu-go>
[2017/06/14T11:28:45.682+08:00] [SYS]    POST | /api/shop/orderDetail          <qiniu-go>
[2017/06/14T11:28:45.682+08:00] [SYS]    POST | /api/shop/refundProgress       <qiniu-go>
[2017/06/14T11:28:45.682+08:00] [SYS]    POST | /api/shop/salerAllOrders       <qiniu-go>
[2017/06/14T11:28:45.682+08:00] [SYS]    POST | /api/shop/setDefaultAddr       <qiniu-go>
[2017/06/14T11:28:45.682+08:00] [SYS]    POST | /api/shop/userAllOrders        <qiniu-go>
[2017/06/14T11:28:45.682+08:00] [SYS]    POST | /api/shop/userAllRefund        <qiniu-go>
[2017/06/14T11:28:45.682+08:00] [SYS]     GET | /blingRecharge.html            <qiniu-go>
[2017/06/14T11:28:45.682+08:00] [SYS]     GET | /dynamic.html                  <qiniu-go>
[2017/06/14T11:28:45.682+08:00] [SYS]     GET | /grade.html                    <qiniu-go>
[2017/06/14T11:28:45.682+08:00] [SYS]     GET | /index.html                    <qiniu-go>
[2017/06/14T11:28:45.682+08:00] [SYS]     GET | /invitation.html               <qiniu-go>
[2017/06/14T11:28:45.682+08:00] [SYS]     GET | /liveAuthentication.html       <qiniu-go>
[2017/06/14T11:28:45.682+08:00] [SYS]     GET | /login                         <qiniu-go>
[2017/06/14T11:28:45.682+08:00] [SYS]     GET | /myConsumption.html            <qiniu-go>
[2017/06/14T11:28:45.682+08:00] [SYS]     GET | /myapidoc/*filepath            <qiniu-go>
[2017/06/14T11:28:45.682+08:00] [SYS]     GET | /myapidoc_swagger.json         <qiniu-go>
[2017/06/14T11:28:45.682+08:00] [SYS]    POST | /payNotify                     <qiniu-go>
[2017/06/14T11:28:45.682+08:00] [SYS]     GET | /personalCenter.html           <qiniu-go>
[2017/06/14T11:28:45.682+08:00] [SYS]     GET | /personalHome.html             <qiniu-go>
[2017/06/14T11:28:45.682+08:00] [SYS]     GET | /personalSet.html              <qiniu-go>
[2017/06/14T11:28:45.682+08:00] [SYS]     GET | /profit.html                   <qiniu-go>
[2017/06/14T11:28:45.682+08:00] [SYS]     GET | /simpleLive/index.html         <qiniu-go>
[2017/06/14T11:28:45.682+08:00] [SYS]     GET | /simpleLive/login.html         <qiniu-go>
[2017/06/14T11:28:45.682+08:00] [SYS]     GET | /simpleLive/passwordRretrieval.html <qiniu-go>
[2017/06/14T11:28:45.682+08:00] [SYS]     GET | /simpleLive/wxLogin.html       <qiniu-go>
[2017/06/14T11:28:45.682+08:00] [SYS]     GET | /simpleLiveAjax/wxLogin        <qiniu-go>
[2017/06/14T11:28:45.683+08:00] [SYS]     GET | /static/*filepath              <qiniu-go>
[2017/06/14T11:28:45.683+08:00] [SYS]    POST | /test                          <qiniu-go>
[2017/06/14T11:28:45.683+08:00] [SYS]    POST | /testAjax                      <qiniu-go>
[2017/06/14T11:28:45.683+08:00] [SYS]     GET | /updatePassword.html           <qiniu-go>
[2017/06/14T11:28:45.683+08:00] [SYS]     GET | /upload/*filepath              <qiniu-go>
[2017/06/14T11:28:45.683+08:00] [SYS] listen and serve HTTP on 0.0.0.0:9090 <qiniu-go>
[2017/06/19T13:33:31.59+08:00] APIdoc's URL path is '/myapidoc/' [check direct ip for filter] <qiniu-go>
[2017/06/19T13:33:31.592+08:00] [SYS]     GET | /                              <qiniu-go>
[2017/06/19T13:33:31.592+08:00] [SYS]     GET | /MP_verify_FfXgomWspAkznBQA.txt <qiniu-go>
[2017/06/19T13:33:31.592+08:00] [SYS]     GET | /MP_verify_Z2Q4pyfE628bSDwp.txt <qiniu-go>
[2017/06/19T13:33:31.592+08:00] [SYS]     GET | /addressList.html              <qiniu-go>
[2017/06/19T13:33:31.592+08:00] [SYS]     GET | /ajax/blingRecharge/getRechargeMoney <qiniu-go>
[2017/06/19T13:33:31.592+08:00] [SYS]     GET | /ajax/index/uploadImg          <qiniu-go>
[2017/06/19T13:33:31.592+08:00] [SYS]     GET | /ajax/isLogin                  <qiniu-go>
[2017/06/19T13:33:31.592+08:00] [SYS]     GET | /ajax/liveAuthentication/StoreIdCard <qiniu-go>
[2017/06/19T13:33:31.592+08:00] [SYS]     GET | /ajax/liveAuthentication/uploadImg <qiniu-go>
[2017/06/19T13:33:31.592+08:00] [SYS]    POST | /api/shop/addCategory          <qiniu-go>
[2017/06/19T13:33:31.592+08:00] [SYS]    POST | /api/shop/addGoods             <qiniu-go>
[2017/06/19T13:33:31.592+08:00] [SYS]    POST | /api/shop/addReceiptAddr       <qiniu-go>
[2017/06/19T13:33:31.592+08:00] [SYS]    POST | /api/shop/allCategory          <qiniu-go>
[2017/06/19T13:33:31.592+08:00] [SYS]    POST | /api/shop/applyRefund          <qiniu-go>
[2017/06/19T13:33:31.592+08:00] [SYS]    POST | /api/shop/createOrder          <qiniu-go>
[2017/06/19T13:33:31.594+08:00] [SYS]    POST | /api/shop/delReceiptAddr       <qiniu-go>
[2017/06/19T13:33:31.594+08:00] [SYS]    POST | /api/shop/getDownsaleGoods     <qiniu-go>
[2017/06/19T13:33:31.594+08:00] [SYS]     GET | /api/shop/getOnsaleGoods       <qiniu-go>
[2017/06/19T13:33:31.594+08:00] [SYS]    POST | /api/shop/getUserReceiptAddr   <qiniu-go>
[2017/06/19T13:33:31.594+08:00] [SYS]    POST | /api/shop/orderDetail          <qiniu-go>
[2017/06/19T13:33:31.594+08:00] [SYS]    POST | /api/shop/refundProgress       <qiniu-go>
[2017/06/19T13:33:31.594+08:00] [SYS]    POST | /api/shop/salerAllOrders       <qiniu-go>
[2017/06/19T13:33:31.595+08:00] [SYS]    POST | /api/shop/setDefaultAddr       <qiniu-go>
[2017/06/19T13:33:31.595+08:00] [SYS]    POST | /api/shop/use   rAllOrders     <qiniu-go>
[2017/06/19T13:33:31.595+08:00] [SYS]    POST | /api/shop/userAllRefund        <qiniu-go>
[2017/06/19T13:33:31.595+08:00] [SYS]     GET | /blingRecharge.html            <qiniu-go>
[2017/06/19T13:33:31.595+08:00] [SYS]     GET | /dynamic.html                  <qiniu-go>
[2017/06/19T13:33:31.597+08:00] [SYS]     GET | /grade.html                    <qiniu-go>
[2017/06/19T13:33:31.597+08:00] [SYS]     GET | /httpRpc                       <qiniu-go>
[2017/06/19T13:33:31.597+08:00] [SYS]     GET | /index.html                    <qiniu-go>
[2017/06/19T13:33:31.597+08:00] [SYS]     GET | /invitation.html               <qiniu-go>
[2017/06/19T13:33:31.597+08:00] [SYS]     GET | /liveAuthentication.html       <qiniu-go>
[2017/06/19T13:33:31.597+08:00] [SYS]     GET | /login                         <qiniu-go>
[2017/06/19T13:33:31.597+08:00] [SYS]     GET | /myConsumption.html            <qiniu-go>
[2017/06/19T13:33:31.598+08:00] [SYS]     GET | /myapidoc/*filepath            <qiniu-go>
[2017/06/19T13:33:31.598+08:00] [SYS]     GET | /myapidoc_swagger.json         <qiniu-go>
[2017/06/19T13:33:31.598+08:00] [SYS]    POST | /payNotify                     <qiniu-go>
[2017/06/19T13:33:31.598+08:00] [SYS]     GET | /personalCenter.html           <qiniu-go>
[2017/06/19T13:33:31.598+08:00] [SYS]     GET | /personalHome.html             <qiniu-go>
[2017/06/19T13:33:31.601+08:00] [SYS]     GET | /personalSet.html              <qiniu-go>
[2017/06/19T13:33:31.601+08:00] [SYS]     GET | /profit.html                   <qiniu-go>
[2017/06/19T13:33:31.601+08:00] [SYS]     GET | /simpleLive/index.html         <qiniu-go>
[2017/06/19T13:33:31.601+08:00] [SYS]     GET | /simpleLive/login.html         <qiniu-go>
[2017/06/19T13:33:31.601+08:00] [SYS]     GET | /simpleLive/passwordRretrieval.html <qiniu-go>
[2017/06/19T13:33:31.601+08:00] [SYS]     GET | /simpleLive/wxLogin.html       <qiniu-go>
[2017/06/19T13:33:31.601+08:00] [SYS]     GET | /simpleLiveAjax/wxLogin        <qiniu-go>
[2017/06/19T13:33:31.601+08:00] [SYS]     GET | /static/*filepath              <qiniu-go>
[2017/06/19T13:33:31.601+08:00] [SYS]    POST | /test                          <qiniu-go>
[2017/06/19T13:33:31.601+08:00] [SYS]    POST | /testAjax                      <qiniu-go>
[2017/06/19T13:33:31.601+08:00] [SYS]     GET | /updatePassword.html           <qiniu-go>
[2017/06/19T13:33:31.601+08:00] [SYS]     GET | /upload/*filepath              <qiniu-go>
[2017/06/19T13:33:31.615+08:00] [SYS] listen and serve HTTP on 0.0.0.0:9999 <qiniu-go>
[2017/06/19T13:50:10.039+08:00] APIdoc's URL path is '/myapidoc/' [check direct ip for filter] <qiniu-go>
[2017/06/19T13:50:10.039+08:00] [SYS]     GET | /                              <qiniu-go>
[2017/06/19T13:50:10.039+08:00] [SYS]     GET | /MP_verify_FfXgomWspAkznBQA.txt <qiniu-go>
[2017/06/19T13:50:10.039+08:00] [SYS]     GET | /MP_verify_Z2Q4pyfE628bSDwp.txt <qiniu-go>
[2017/06/19T13:50:10.04+08:00] [SYS]     GET | /addressList.html              <qiniu-go>
[2017/06/19T13:50:10.04+08:00] [SYS]     GET | /ajax/blingRecharge/getRechargeMoney <qiniu-go>
[2017/06/19T13:50:10.04+08:00] [SYS]     GET | /ajax/index/uploadImg          <qiniu-go>
[2017/06/19T13:50:10.04+08:00] [SYS]     GET | /ajax/isLogin                  <qiniu-go>
[2017/06/19T13:50:10.04+08:00] [SYS]     GET | /ajax/liveAuthentication/StoreIdCard <qiniu-go>
[2017/06/19T13:50:10.04+08:00] [SYS]     GET | /ajax/liveAuthentication/uploadImg <qiniu-go>
[2017/06/19T13:50:10.04+08:00] [SYS]    POST | /api/shop/addCategory          <qiniu-go>
[2017/06/19T13:50:10.04+08:00] [SYS]    POST | /api/shop/addGoods             <qiniu-go>
[2017/06/19T13:50:10.04+08:00] [SYS]    POST | /api/shop/addReceiptAddr       <qiniu-go>
[2017/06/19T13:50:10.04+08:00] [SYS]    POST | /api/shop/allCategory          <qiniu-go>
[2017/06/19T13:50:10.04+08:00] [SYS]    POST | /api/shop/applyRefund          <qiniu-go>
[2017/06/19T13:50:10.04+08:00] [SYS]    POST | /api/shop/createOrder          <qiniu-go>
[2017/06/19T13:50:10.042+08:00] [SYS]    POST | /api/shop/delReceiptAddr       <qiniu-go>
[2017/06/19T13:50:10.042+08:00] [SYS]    POST | /api/shop/getDownsaleGoods     <qiniu-go>
[2017/06/19T13:50:10.042+08:00] [SYS]     GET | /api/shop/getOnsaleGoods       <qiniu-go>
[2017/06/19T13:50:10.042+08:00] [SYS]    POST | /api/shop/getUserReceiptAddr   <qiniu-go>
[2017/06/19T13:50:10.042+08:00] [SYS]    POST | /api/shop/orderDetail          <qiniu-go>
[2017/06/19T13:50:10.042+08:00] [SYS]    POST | /api/shop/refundProgress       <qiniu-go>
[2017/06/19T13:50:10.042+08:00] [SYS]    POST | /api/shop/salerAllOrders       <qiniu-go>
[2017/06/19T13:50:10.042+08:00] [SYS]    POST | /api/shop/setDefaultAddr       <qiniu-go>
[2017/06/19T13:50:10.042+08:00] [SYS]    POST | /api/shop/use   rAllOrders     <qiniu-go>
[2017/06/19T13:50:10.043+08:00] [SYS]    POST | /api/shop/userAllRefund        <qiniu-go>
[2017/06/19T13:50:10.043+08:00] [SYS]     GET | /blingRecharge.html            <qiniu-go>
[2017/06/19T13:50:10.043+08:00] [SYS]     GET | /dynamic.html                  <qiniu-go>
[2017/06/19T13:50:10.045+08:00] [SYS]     GET | /grade.html                    <qiniu-go>
[2017/06/19T13:50:10.045+08:00] [SYS]     GET | /httpRpc                       <qiniu-go>
[2017/06/19T13:50:24.428+08:00] APIdoc's URL path is '/myapidoc/' [check direct ip for filter] <qiniu-go>
[2017/06/19T13:50:24.429+08:00] [SYS]     GET | /                              <qiniu-go>
[2017/06/19T13:50:24.43+08:00] [SYS]     GET | /MP_verify_FfXgomWspAkznBQA.txt <qiniu-go>
[2017/06/19T13:50:24.43+08:00] [SYS]     GET | /MP_verify_Z2Q4pyfE628bSDwp.txt <qiniu-go>
[2017/06/19T13:50:24.43+08:00] [SYS]     GET | /addressList.html              <qiniu-go>
[2017/06/19T13:50:24.43+08:00] [SYS]     GET | /ajax/blingRecharge/getRechargeMoney <qiniu-go>
[2017/06/19T13:50:24.43+08:00] [SYS]     GET | /ajax/index/uploadImg          <qiniu-go>
[2017/06/19T13:50:24.43+08:00] [SYS]     GET | /ajax/isLogin                  <qiniu-go>
[2017/06/19T13:50:24.43+08:00] [SYS]     GET | /ajax/liveAuthentication/StoreIdCard <qiniu-go>
[2017/06/19T13:50:24.431+08:00] [SYS]     GET | /ajax/liveAuthentication/uploadImg <qiniu-go>
[2017/06/19T13:50:24.431+08:00] [SYS]    POST | /api/shop/addCategory          <qiniu-go>
[2017/06/19T13:50:24.431+08:00] [SYS]    POST | /api/shop/addGoods             <qiniu-go>
[2017/06/19T13:50:24.431+08:00] [SYS]    POST | /api/shop/addReceiptAddr       <qiniu-go>
[2017/06/19T13:50:24.431+08:00] [SYS]    POST | /api/shop/allCategory          <qiniu-go>
[2017/06/19T13:50:24.431+08:00] [SYS]    POST | /api/shop/applyRefund          <qiniu-go>
[2017/06/19T13:50:24.431+08:00] [SYS]    POST | /api/shop/createOrder          <qiniu-go>
[2017/06/19T13:50:24.431+08:00] [SYS]    POST | /api/shop/delReceiptAddr       <qiniu-go>
[2017/06/19T13:50:24.431+08:00] [SYS]    POST | /api/shop/getDownsaleGoods     <qiniu-go>
[2017/06/19T13:50:24.431+08:00] [SYS]     GET | /api/shop/getOnsaleGoods       <qiniu-go>
[2017/06/19T13:50:24.431+08:00] [SYS]    POST | /api/shop/getUserReceiptAddr   <qiniu-go>
[2017/06/19T13:50:24.431+08:00] [SYS]    POST | /api/shop/orderDetail          <qiniu-go>
[2017/06/19T13:50:24.431+08:00] [SYS]    POST | /api/shop/refundProgress       <qiniu-go>
[2017/06/19T13:50:24.431+08:00] [SYS]    POST | /api/shop/salerAllOrders       <qiniu-go>
[2017/06/19T13:50:24.431+08:00] [SYS]    POST | /api/shop/setDefaultAddr       <qiniu-go>
[2017/06/19T13:50:24.431+08:00] [SYS]    POST | /api/shop/use   rAllOrders     <qiniu-go>
[2017/06/19T13:50:24.431+08:00] [SYS]    POST | /api/shop/userAllRefund        <qiniu-go>
[2017/06/19T13:50:24.435+08:00] [SYS]     GET | /blingRecharge.html            <qiniu-go>
[2017/06/19T13:50:24.435+08:00] [SYS]     GET | /dynamic.html                  <qiniu-go>
[2017/06/19T13:50:24.435+08:00] [SYS]     GET | /grade.html                    <qiniu-go>
[2017/06/19T13:50:24.435+08:00] [SYS]     GET | /httpRpc                       <qiniu-go>
[2017/06/19T13:50:24.435+08:00] [SYS]     GET | /index.html                    <qiniu-go>
[2017/06/19T13:50:24.435+08:00] [SYS]     GET | /invitation.html               <qiniu-go>
[2017/06/19T13:50:24.436+08:00] [SYS]     GET | /liveAuthentication.html       <qiniu-go>
[2017/06/19T13:50:24.436+08:00] [SYS]     GET | /login                         <qiniu-go>
[2017/06/19T13:50:24.436+08:00] [SYS]     GET | /myConsumption.html            <qiniu-go>
[2017/06/19T13:50:24.436+08:00] [SYS]     GET | /myapidoc/*filepath            <qiniu-go>
[2017/06/19T13:50:24.436+08:00] [SYS]     GET | /myapidoc_swagger.json         <qiniu-go>
[2017/06/19T13:50:24.436+08:00] [SYS]    POST | /payNotify                     <qiniu-go>
[2017/06/19T13:50:24.441+08:00] [SYS]     GET | /personalCenter.html           <qiniu-go>
[2017/06/19T13:50:24.441+08:00] [SYS]     GET | /personalHome.html             <qiniu-go>
[2017/06/19T13:50:24.441+08:00] [SYS]     GET | /personalSet.html              <qiniu-go>
[2017/06/19T13:50:24.442+08:00] [SYS]     GET | /profit.html                   <qiniu-go>
[2017/06/19T13:50:24.442+08:00] [SYS]     GET | /rpcClient                     <qiniu-go>
[2017/06/19T13:50:24.442+08:00] [SYS]     GET | /simpleLive/index.html         <qiniu-go>
[2017/06/19T13:50:24.442+08:00] [SYS]     GET | /simpleLive/login.html         <qiniu-go>
[2017/06/19T13:50:24.442+08:00] [SYS]     GET | /simpleLive/passwordRretrieval.html <qiniu-go>
[2017/06/19T13:50:24.442+08:00] [SYS]     GET | /simpleLive/wxLogin.html       <qiniu-go>
[2017/06/19T13:50:24.442+08:00] [SYS]     GET | /simpleLiveAjax/wxLogin        <qiniu-go>
[2017/06/19T13:50:24.442+08:00] [SYS]     GET | /static/*filepath              <qiniu-go>
[2017/06/19T13:50:24.442+08:00] [SYS]    POST | /test                          <qiniu-go>
[2017/06/19T13:50:24.444+08:00] [SYS]    POST | /testAjax                      <qiniu-go>
[2017/06/19T13:50:24.444+08:00] [SYS]     GET | /updatePassword.html           <qiniu-go>
[2017/06/19T13:50:24.444+08:00] [SYS]     GET | /upload/*filepath              <qiniu-go>
[2017/06/19T13:50:24.445+08:00] [SYS] listen and serve HTTP on 0.0.0.0:9999 <qiniu-go>
[2017/06/19T13:50:42.898+08:00] [I]       127.0.0.1     GET  301         45     52.593µs //rpcClient                    |  <qiniu-go>
[2017/06/19T13:50:42.903+08:00] [E] runtime error: invalid memory address or nil pointer dereference
[TRACE]
net/rpc.(*Client).send(0x0, 0xc42035c550)
	/usr/local/Cellar/go/1.8.1/libexec/src/net/rpc/client.go:72 +0x26
net/rpc.(*Client).Go(0x0, 0x1734f02, 0x7, 0x164b120, 0xc420357360, 0x162fbc0, 0xc420357358, 0xc420339c80, 0xc420049a50)
	/usr/local/Cellar/go/1.8.1/libexec/src/net/rpc/client.go:311 +0xe7
net/rpc.(*Client).Call(0x0, 0x1734f02, 0x7, 0x164b120, 0xc420357360, 0x162fbc0, 0xc420357358, 0x10, 0x10)
	/usr/local/Cellar/go/1.8.1/libexec/src/net/rpc/client.go:317 +0x97
qiniu-go/handler/rpc.glob..func1(0xc4200b3080, 0xc4202a9d70, 0x30)
	/Users/micha1/Go/src/qiniu-go/handler/rpc/httpRpcClient.go:16 +0x105
github.com/henrylee2cn/faygo.HandlerFunc.Serve(0x1762078, 0xc4200b3080, 0x30, 0x30)
	/Users/micha1/go/src/github.com/henrylee2cn/faygo/handler.go:104 +0x30
github.com/henrylee2cn/faygo.(*Context).Next(0xc4200b3080)
	/Users/micha1/go/src/github.com/henrylee2cn/faygo/context.go:410 +0xb6
github.com/henrylee2cn/faygo.(*Context).doHandler(0xc4200b3080, 0xc420320630, 0x1, 0x1, 0x0, 0x0, 0x0)
	/Users/micha1/go/src/github.com/henrylee2cn/faygo/context.go:359 +0xac
github.com/henrylee2cn/faygo.(*Framework).makeHandle.func1(0xc4200b3080, 0x0, 0x0, 0x0)
	/Users/micha1/go/src/github.com/henrylee2cn/faygo/framework.go:637 +0x64
github.com/henrylee2cn/faygo.(*Framework).serveHTTP(0xc420314000, 0xc4200b3080)
	/Users/micha1/go/src/github.com/henrylee2cn/faygo/framework.go:538 +0x6df
github.com/henrylee2cn/faygo.(*Framework).ServeHTTP(0xc420314000, 0x1a34c20, 0xc420104700, 0xc420069f00)
	/Users/micha1/go/src/github.com/henrylee2cn/faygo/framework.go:514 +0x12f
net/http.serverHandler.ServeHTTP(0xc4200b2fd0, 0x1a34c20, 0xc420104700, 0xc420069f00)
	/usr/local/Cellar/go/1.8.1/libexec/src/net/http/server.go:2568 +0x92
net/http.(*conn).serve(0xc420386000, 0x1a35760, 0xc4202bc180)
	/usr/local/Cellar/go/1.8.1/libexec/src/net/http/server.go:1825 +0x612
created by net/http.(*Server).Serve
	/usr/local/Cellar/go/1.8.1/libexec/src/net/http/server.go:2668 +0x2ce
 <qiniu-go #github.com/henrylee2cn/faygo/faygo.go:494>
[2017/06/19T13:50:43.065+08:00] [I]       127.0.0.1     GET  404        226     33.055µs /favicon.ico                   |  <qiniu-go>
[2017/06/19T13:50:45.557+08:00] [E] runtime error: invalid memory address or nil pointer dereference
[TRACE]
net/rpc.(*Client).send(0x0, 0xc420016a00)
	/usr/local/Cellar/go/1.8.1/libexec/src/net/rpc/client.go:72 +0x26
net/rpc.(*Client).Go(0x0, 0x1734f02, 0x7, 0x164b120, 0xc420011760, 0x162fbc0, 0xc420011758, 0xc4202ec7e0, 0xc420049a50)
	/usr/local/Cellar/go/1.8.1/libexec/src/net/rpc/client.go:311 +0xe7
net/rpc.(*Client).Call(0x0, 0x1734f02, 0x7, 0x164b120, 0xc420011760, 0x162fbc0, 0xc420011758, 0x10, 0x10)
	/usr/local/Cellar/go/1.8.1/libexec/src/net/rpc/client.go:317 +0x97
qiniu-go/handler/rpc.glob..func1(0xc42001a0b0, 0xc4200196e0, 0x30)
	/Users/micha1/Go/src/qiniu-go/handler/rpc/httpRpcClient.go:16 +0x105
github.com/henrylee2cn/faygo.HandlerFunc.Serve(0x1762078, 0xc42001a0b0, 0x30, 0x30)
	/Users/micha1/go/src/github.com/henrylee2cn/faygo/handler.go:104 +0x30
github.com/henrylee2cn/faygo.(*Context).Next(0xc42001a0b0)
	/Users/micha1/go/src/github.com/henrylee2cn/faygo/context.go:410 +0xb6
github.com/henrylee2cn/faygo.(*Context).doHandler(0xc42001a0b0, 0xc420320630, 0x1, 0x1, 0x0, 0x0, 0x0)
	/Users/micha1/go/src/github.com/henrylee2cn/faygo/context.go:359 +0xac
github.com/henrylee2cn/faygo.(*Framework).makeHandle.func1(0xc42001a0b0, 0x0, 0x0, 0x0)
	/Users/micha1/go/src/github.com/henrylee2cn/faygo/framework.go:637 +0x64
github.com/henrylee2cn/faygo.(*Framework).serveHTTP(0xc420314000, 0xc42001a0b0)
	/Users/micha1/go/src/github.com/henrylee2cn/faygo/framework.go:538 +0x6df
github.com/henrylee2cn/faygo.(*Framework).ServeHTTP(0xc420314000, 0x1a34c20, 0xc4203a60e0, 0xc42000a900)
	/Users/micha1/go/src/github.com/henrylee2cn/faygo/framework.go:514 +0x12f
net/http.serverHandler.ServeHTTP(0xc4200b2fd0, 0x1a34c20, 0xc4203a60e0, 0xc42000a900)
	/usr/local/Cellar/go/1.8.1/libexec/src/net/http/server.go:2568 +0x92
net/http.(*conn).serve(0xc420386000, 0x1a35760, 0xc4202bc180)
	/usr/local/Cellar/go/1.8.1/libexec/src/net/http/server.go:1825 +0x612
created by net/http.(*Server).Serve
	/usr/local/Cellar/go/1.8.1/libexec/src/net/http/server.go:2668 +0x2ce
 <qiniu-go #github.com/henrylee2cn/faygo/faygo.go:494>
[2017/06/19T13:58:26.674+08:00] APIdoc's URL path is '/myapidoc/' [check direct ip for filter] <qiniu-go>
[2017/06/19T13:58:26.674+08:00] [SYS]     GET | /                              <qiniu-go>
[2017/06/19T13:58:26.674+08:00] [SYS]     GET | /MP_verify_FfXgomWspAkznBQA.txt <qiniu-go>
[2017/06/19T13:58:26.674+08:00] [SYS]     GET | /MP_verify_Z2Q4pyfE628bSDwp.txt <qiniu-go>
[2017/06/19T13:58:26.674+08:00] [SYS]     GET | /addressList.html              <qiniu-go>
[2017/06/19T13:58:26.674+08:00] [SYS]     GET | /ajax/blingRecharge/getRechargeMoney <qiniu-go>
[2017/06/19T13:58:26.674+08:00] [SYS]     GET | /ajax/index/uploadImg          <qiniu-go>
[2017/06/19T13:58:26.674+08:00] [SYS]     GET | /ajax/isLogin                  <qiniu-go>
[2017/06/19T13:58:26.674+08:00] [SYS]     GET | /ajax/liveAuthentication/StoreIdCard <qiniu-go>
[2017/06/19T13:58:26.674+08:00] [SYS]     GET | /ajax/liveAuthentication/uploadImg <qiniu-go>
[2017/06/19T13:58:26.674+08:00] [SYS]    POST | /api/shop/addCategory          <qiniu-go>
[2017/06/19T13:58:26.674+08:00] [SYS]    POST | /api/shop/addGoods             <qiniu-go>
[2017/06/19T13:58:26.674+08:00] [SYS]    POST | /api/shop/addReceiptAddr       <qiniu-go>
[2017/06/19T13:58:26.674+08:00] [SYS]    POST | /api/shop/allCategory          <qiniu-go>
[2017/06/19T13:58:26.674+08:00] [SYS]    POST | /api/shop/applyRefund          <qiniu-go>
[2017/06/19T13:58:26.674+08:00] [SYS]    POST | /api/shop/createOrder          <qiniu-go>
[2017/06/19T13:58:26.674+08:00] [SYS]    POST | /api/shop/delReceiptAddr       <qiniu-go>
[2017/06/19T13:58:26.674+08:00] [SYS]    POST | /api/shop/getDownsaleGoods     <qiniu-go>
[2017/06/19T13:58:26.674+08:00] [SYS]     GET | /api/shop/getOnsaleGoods       <qiniu-go>
[2017/06/19T13:58:26.674+08:00] [SYS]    POST | /api/shop/getUserReceiptAddr   <qiniu-go>
[2017/06/19T13:58:26.675+08:00] [SYS]    POST | /api/shop/orderDetail          <qiniu-go>
[2017/06/19T13:58:26.675+08:00] [SYS]    POST | /api/shop/refundProgress       <qiniu-go>
[2017/06/19T13:58:26.675+08:00] [SYS]    POST | /api/shop/salerAllOrders       <qiniu-go>
[2017/06/19T13:58:26.675+08:00] [SYS]    POST | /api/shop/setDefaultAddr       <qiniu-go>
[2017/06/19T13:58:26.675+08:00] [SYS]    POST | /api/shop/use   rAllOrders     <qiniu-go>
[2017/06/19T13:58:26.675+08:00] [SYS]    POST | /api/shop/userAllRefund        <qiniu-go>
[2017/06/19T13:58:26.675+08:00] [SYS]     GET | /blingRecharge.html            <qiniu-go>
[2017/06/19T13:58:26.675+08:00] [SYS]     GET | /dynamic.html                  <qiniu-go>
[2017/06/19T13:58:26.675+08:00] [SYS]     GET | /grade.html                    <qiniu-go>
[2017/06/19T13:58:26.675+08:00] [SYS]     GET | /httpRpc                       <qiniu-go>
[2017/06/19T13:58:26.675+08:00] [SYS]     GET | /index.html                    <qiniu-go>
[2017/06/19T13:58:26.675+08:00] [SYS]     GET | /invitation.html               <qiniu-go>
[2017/06/19T13:58:26.675+08:00] [SYS]     GET | /liveAuthentication.html       <qiniu-go>
[2017/06/19T13:58:26.675+08:00] [SYS]     GET | /login                         <qiniu-go>
[2017/06/19T13:58:26.675+08:00] [SYS]     GET | /myConsumption.html            <qiniu-go>
[2017/06/19T13:58:26.677+08:00] [SYS]     GET | /myapidoc/*filepath            <qiniu-go>
[2017/06/19T13:58:26.677+08:00] [SYS]     GET | /myapidoc_swagger.json         <qiniu-go>
[2017/06/19T13:58:26.677+08:00] [SYS]    POST | /payNotify                     <qiniu-go>
[2017/06/19T13:58:26.677+08:00] [SYS]     GET | /personalCenter.html           <qiniu-go>
[2017/06/19T13:58:26.677+08:00] [SYS]     GET | /personalHome.html             <qiniu-go>
[2017/06/19T13:58:26.677+08:00] [SYS]     GET | /personalSet.html              <qiniu-go>
[2017/06/19T13:58:26.677+08:00] [SYS]     GET | /profit.html                   <qiniu-go>
[2017/06/19T13:58:26.677+08:00] [SYS]     GET | /rpcClient                     <qiniu-go>
[2017/06/19T13:58:26.677+08:00] [SYS]     GET | /simpleLive/index.html         <qiniu-go>
[2017/06/19T13:58:26.677+08:00] [SYS]     GET | /simpleLive/login.html         <qiniu-go>
[2017/06/19T13:58:26.677+08:00] [SYS]     GET | /simpleLive/passwordRretrieval.html <qiniu-go>
[2017/06/19T13:58:26.677+08:00] [SYS]     GET | /simpleLive/wxLogin.html       <qiniu-go>
[2017/06/19T13:58:26.677+08:00] [SYS]     GET | /simpleLiveAjax/wxLogin        <qiniu-go>
[2017/06/19T13:58:26.677+08:00] [SYS]     GET | /static/*filepath              <qiniu-go>
[2017/06/19T13:58:26.677+08:00] [SYS]    POST | /test                          <qiniu-go>
[2017/06/19T13:58:26.677+08:00] [SYS]    POST | /testAjax                      <qiniu-go>
[2017/06/19T13:58:26.677+08:00] [SYS]     GET | /updatePassword.html           <qiniu-go>
[2017/06/19T13:58:26.677+08:00] [SYS]     GET | /upload/*filepath              <qiniu-go>
[2017/06/19T13:58:26.677+08:00] [SYS] listen and serve HTTP on 0.0.0.0:9999 <qiniu-go>
[2017/06/19T13:58:31.914+08:00] [E] runtime error: invalid memory address or nil pointer dereference
[TRACE]
net/rpc.(*Client).send(0x0, 0xc4203d0c30)
	/usr/local/Cellar/go/1.8.1/libexec/src/net/rpc/client.go:72 +0x26
net/rpc.(*Client).Go(0x0, 0x1734f02, 0x7, 0x164b120, 0xc42037c740, 0x162fbc0, 0xc42037c738, 0xc4203e0120, 0xc420045a50)
	/usr/local/Cellar/go/1.8.1/libexec/src/net/rpc/client.go:311 +0xe7
net/rpc.(*Client).Call(0x0, 0x1734f02, 0x7, 0x164b120, 0xc42037c740, 0x162fbc0, 0xc42037c738, 0x2aa2698, 0x10504f0)
	/usr/local/Cellar/go/1.8.1/libexec/src/net/rpc/client.go:317 +0x97
qiniu-go/handler/rpc.glob..func1(0xc420390000, 0xc4202f5410, 0x30)
	/Users/micha1/Go/src/qiniu-go/handler/rpc/httpRpcClient.go:16 +0x105
github.com/henrylee2cn/faygo.HandlerFunc.Serve(0x1762090, 0xc420390000, 0x30, 0x30)
	/Users/micha1/go/src/github.com/henrylee2cn/faygo/handler.go:104 +0x30
github.com/henrylee2cn/faygo.(*Context).Next(0xc420390000)
	/Users/micha1/go/src/github.com/henrylee2cn/faygo/context.go:410 +0xb6
github.com/henrylee2cn/faygo.(*Context).doHandler(0xc420390000, 0xc420010890, 0x1, 0x1, 0x0, 0x0, 0x0)
	/Users/micha1/go/src/github.com/henrylee2cn/faygo/context.go:359 +0xac
github.com/henrylee2cn/faygo.(*Framework).makeHandle.func1(0xc420390000, 0x0, 0x0, 0x0)
	/Users/micha1/go/src/github.com/henrylee2cn/faygo/framework.go:637 +0x64
github.com/henrylee2cn/faygo.(*Framework).serveHTTP(0xc42032a000, 0xc420390000)
	/Users/micha1/go/src/github.com/henrylee2cn/faygo/framework.go:538 +0x6df
github.com/henrylee2cn/faygo.(*Framework).ServeHTTP(0xc42032a000, 0x1a34c20, 0xc42038e000, 0xc42000a600)
	/Users/micha1/go/src/github.com/henrylee2cn/faygo/framework.go:514 +0x12f
net/http.serverHandler.ServeHTTP(0xc42001a160, 0x1a34c20, 0xc42038e000, 0xc42000a600)
	/usr/local/Cellar/go/1.8.1/libexec/src/net/http/server.go:2568 +0x92
net/http.(*conn).serve(0xc420306aa0, 0x1a35760, 0xc420378fc0)
	/usr/local/Cellar/go/1.8.1/libexec/src/net/http/server.go:1825 +0x612
created by net/http.(*Server).Serve
	/usr/local/Cellar/go/1.8.1/libexec/src/net/http/server.go:2668 +0x2ce
 <qiniu-go #github.com/henrylee2cn/faygo/faygo.go:494>
[2017/07/27T11:52:28.202+08:00] APIdoc's URL path is '/myapidoc/' [check direct ip for filter] <qiniu-go>
[2017/07/27T11:52:28.202+08:00] [SYS]     GET | /                              <qiniu-go>
[2017/07/27T11:52:28.202+08:00] [SYS]     GET | /MP_verify_FfXgomWspAkznBQA.txt <qiniu-go>
[2017/07/27T11:52:28.202+08:00] [SYS]     GET | /MP_verify_Z2Q4pyfE628bSDwp.txt <qiniu-go>
[2017/07/27T11:52:28.202+08:00] [SYS]     GET | /addressList.html              <qiniu-go>
[2017/07/27T11:52:28.202+08:00] [SYS]     GET | /ajax/blingRecharge/getRechargeMoney <qiniu-go>
[2017/07/27T11:52:28.202+08:00] [SYS]     GET | /ajax/index/uploadImg          <qiniu-go>
[2017/07/27T11:52:28.202+08:00] [SYS]     GET | /ajax/isLogin                  <qiniu-go>
[2017/07/27T11:52:28.202+08:00] [SYS]     GET | /ajax/liveAuthentication/StoreIdCard <qiniu-go>
[2017/07/27T11:52:28.202+08:00] [SYS]     GET | /ajax/liveAuthentication/uploadImg <qiniu-go>
[2017/07/27T11:52:28.203+08:00] [SYS]    POST | /api/shop/addCategory          <qiniu-go>
[2017/07/27T11:52:28.203+08:00] [SYS]    POST | /api/shop/addGoods             <qiniu-go>
[2017/07/27T11:52:28.203+08:00] [SYS]    POST | /api/shop/addReceiptAddr       <qiniu-go>
[2017/07/27T11:52:28.203+08:00] [SYS]    POST | /api/shop/allCategory          <qiniu-go>
[2017/07/27T11:52:28.203+08:00] [SYS]    POST | /api/shop/applyRefund          <qiniu-go>
[2017/07/27T11:52:28.203+08:00] [SYS]    POST | /api/shop/createOrder          <qiniu-go>
[2017/07/27T11:52:28.203+08:00] [SYS]    POST | /api/shop/delReceiptAddr       <qiniu-go>
[2017/07/27T11:52:28.203+08:00] [SYS]    POST | /api/shop/getDownsaleGoods     <qiniu-go>
[2017/07/27T11:52:28.203+08:00] [SYS]     GET | /api/shop/getOnsaleGoods       <qiniu-go>
[2017/07/27T11:52:28.203+08:00] [SYS]    POST | /api/shop/getUserReceiptAddr   <qiniu-go>
[2017/07/27T11:52:28.203+08:00] [SYS]    POST | /api/shop/orderDetail          <qiniu-go>
[2017/07/27T11:52:28.203+08:00] [SYS]    POST | /api/shop/refundProgress       <qiniu-go>
[2017/07/27T11:52:28.203+08:00] [SYS]    POST | /api/shop/salerAllOrders       <qiniu-go>
[2017/07/27T11:52:28.203+08:00] [SYS]    POST | /api/shop/setDefaultAddr       <qiniu-go>
[2017/07/27T11:52:28.203+08:00] [SYS]    POST | /api/shop/use   rAllOrders     <qiniu-go>
[2017/07/27T11:52:28.203+08:00] [SYS]    POST | /api/shop/userAllRefund        <qiniu-go>
[2017/07/27T11:52:28.203+08:00] [SYS]     GET | /blingRecharge.html            <qiniu-go>
[2017/07/27T11:52:28.203+08:00] [SYS]     GET | /dynamic.html                  <qiniu-go>
[2017/07/27T11:52:28.203+08:00] [SYS]     GET | /grade.html                    <qiniu-go>
[2017/07/27T11:52:28.203+08:00] [SYS]     GET | /index.html                    <qiniu-go>
[2017/07/27T11:52:28.203+08:00] [SYS]     GET | /invitation.html               <qiniu-go>
[2017/07/27T11:52:28.203+08:00] [SYS]     GET | /liveAuthentication.html       <qiniu-go>
[2017/07/27T11:52:28.203+08:00] [SYS]     GET | /login                         <qiniu-go>
[2017/07/27T11:52:28.203+08:00] [SYS]     GET | /myConsumption.html            <qiniu-go>
[2017/07/27T11:52:28.203+08:00] [SYS]     GET | /myapidoc/*filepath            <qiniu-go>
[2017/07/27T11:52:28.203+08:00] [SYS]     GET | /myapidoc_swagger.json         <qiniu-go>
[2017/07/27T11:52:28.203+08:00] [SYS]    POST | /payNotify                     <qiniu-go>
[2017/07/27T11:52:28.203+08:00] [SYS]     GET | /personalCenter.html           <qiniu-go>
[2017/07/27T11:52:28.203+08:00] [SYS]     GET | /personalHome.html             <qiniu-go>
[2017/07/27T11:52:28.203+08:00] [SYS]     GET | /personalSet.html              <qiniu-go>
[2017/07/27T11:52:28.203+08:00] [SYS]     GET | /profit.html                   <qiniu-go>
[2017/07/27T11:52:28.203+08:00] [SYS]     GET | /simpleLive/index.html         <qiniu-go>
[2017/07/27T11:52:28.203+08:00] [SYS]     GET | /simpleLive/login.html         <qiniu-go>
[2017/07/27T11:52:28.203+08:00] [SYS]     GET | /simpleLive/passwordRretrieval.html <qiniu-go>
[2017/07/27T11:52:28.203+08:00] [SYS]     GET | /simpleLive/wxLogin.html       <qiniu-go>
[2017/07/27T11:52:28.203+08:00] [SYS]     GET | /simpleLiveAjax/wxLogin        <qiniu-go>
[2017/07/27T11:52:28.203+08:00] [SYS]     GET | /static/*filepath              <qiniu-go>
[2017/07/27T11:52:28.203+08:00] [SYS]    POST | /test                          <qiniu-go>
[2017/07/27T11:52:28.203+08:00] [SYS]    POST | /testAjax                      <qiniu-go>
[2017/07/27T11:52:28.203+08:00] [SYS]     GET | /updatePassword.html           <qiniu-go>
[2017/07/27T11:52:28.203+08:00] [SYS]     GET | /upload/*filepath              <qiniu-go>
[2017/07/27T11:52:28.203+08:00] [SYS] listen and serve HTTP on 0.0.0.0:9999 <qiniu-go>
[2017/07/27T11:52:41.348+08:00] [I]       127.0.0.1     GET  302        239 521.639582ms /                              |  <qiniu-go>
[2017/07/27T11:55:04.245+08:00] APIdoc's URL path is '/myapidoc/' [check direct ip for filter] <qiniu-go>
[2017/07/27T11:55:04.245+08:00] [SYS]     GET | /                              <qiniu-go>
[2017/07/27T11:55:04.245+08:00] [SYS]     GET | /MP_verify_FfXgomWspAkznBQA.txt <qiniu-go>
[2017/07/27T11:55:04.245+08:00] [SYS]     GET | /MP_verify_Z2Q4pyfE628bSDwp.txt <qiniu-go>
[2017/07/27T11:55:04.245+08:00] [SYS]     GET | /addressList.html              <qiniu-go>
[2017/07/27T11:55:04.245+08:00] [SYS]     GET | /ajax/blingRecharge/getRechargeMoney <qiniu-go>
[2017/07/27T11:55:04.245+08:00] [SYS]     GET | /ajax/index/uploadImg          <qiniu-go>
[2017/07/27T11:55:04.245+08:00] [SYS]     GET | /ajax/isLogin                  <qiniu-go>
[2017/07/27T11:55:04.246+08:00] [SYS]     GET | /ajax/liveAuthentication/StoreIdCard <qiniu-go>
[2017/07/27T11:55:04.246+08:00] [SYS]     GET | /ajax/liveAuthentication/uploadImg <qiniu-go>
[2017/07/27T11:55:04.246+08:00] [SYS]    POST | /api/shop/addCategory          <qiniu-go>
[2017/07/27T11:55:04.246+08:00] [SYS]    POST | /api/shop/addGoods             <qiniu-go>
[2017/07/27T11:55:04.246+08:00] [SYS]    POST | /api/shop/addReceiptAddr       <qiniu-go>
[2017/07/27T11:55:04.246+08:00] [SYS]    POST | /api/shop/allCategory          <qiniu-go>
[2017/07/27T11:55:04.246+08:00] [SYS]    POST | /api/shop/applyRefund          <qiniu-go>
[2017/07/27T11:55:04.246+08:00] [SYS]    POST | /api/shop/createOrder          <qiniu-go>
[2017/07/27T11:55:04.246+08:00] [SYS]    POST | /api/shop/delReceiptAddr       <qiniu-go>
[2017/07/27T11:55:04.246+08:00] [SYS]    POST | /api/shop/getDownsaleGoods     <qiniu-go>
[2017/07/27T11:55:04.246+08:00] [SYS]     GET | /api/shop/getOnsaleGoods       <qiniu-go>
[2017/07/27T11:55:04.246+08:00] [SYS]    POST | /api/shop/getUserReceiptAddr   <qiniu-go>
[2017/07/27T11:55:04.246+08:00] [SYS]    POST | /api/shop/orderDetail          <qiniu-go>
[2017/07/27T11:55:04.246+08:00] [SYS]    POST | /api/shop/refundProgress       <qiniu-go>
[2017/07/27T11:55:04.246+08:00] [SYS]    POST | /api/shop/salerAllOrders       <qiniu-go>
[2017/07/27T11:55:04.246+08:00] [SYS]    POST | /api/shop/setDefaultAddr       <qiniu-go>
[2017/07/27T11:55:04.246+08:00] [SYS]    POST | /api/shop/use   rAllOrders     <qiniu-go>
[2017/07/27T11:55:04.246+08:00] [SYS]    POST | /api/shop/userAllRefund        <qiniu-go>
[2017/07/27T11:55:04.246+08:00] [SYS]     GET | /blingRecharge.html            <qiniu-go>
[2017/07/27T11:55:04.246+08:00] [SYS]     GET | /dynamic.html                  <qiniu-go>
[2017/07/27T11:55:04.246+08:00] [SYS]     GET | /encode                        <qiniu-go>
[2017/07/27T11:55:04.246+08:00] [SYS]     GET | /grade.html                    <qiniu-go>
[2017/07/27T11:55:04.246+08:00] [SYS]     GET | /index.html                    <qiniu-go>
[2017/07/27T11:55:04.246+08:00] [SYS]     GET | /invitation.html               <qiniu-go>
[2017/07/27T11:55:04.246+08:00] [SYS]     GET | /liveAuthentication.html       <qiniu-go>
[2017/07/27T11:55:04.246+08:00] [SYS]     GET | /login                         <qiniu-go>
[2017/07/27T11:55:04.246+08:00] [SYS]     GET | /myConsumption.html            <qiniu-go>
[2017/07/27T11:55:04.246+08:00] [SYS]     GET | /myapidoc/*filepath            <qiniu-go>
[2017/07/27T11:55:04.246+08:00] [SYS]     GET | /myapidoc_swagger.json         <qiniu-go>
[2017/07/27T11:55:04.246+08:00] [SYS]    POST | /payNotify                     <qiniu-go>
[2017/07/27T11:55:04.246+08:00] [SYS]     GET | /personalCenter.html           <qiniu-go>
[2017/07/27T11:55:04.246+08:00] [SYS]     GET | /personalHome.html             <qiniu-go>
[2017/07/27T11:55:04.246+08:00] [SYS]     GET | /personalSet.html              <qiniu-go>
[2017/07/27T11:55:04.246+08:00] [SYS]     GET | /profit.html                   <qiniu-go>
[2017/07/27T11:55:04.246+08:00] [SYS]     GET | /simpleLive/index.html         <qiniu-go>
[2017/07/27T11:55:04.246+08:00] [SYS]     GET | /simpleLive/login.html         <qiniu-go>
[2017/07/27T11:55:04.246+08:00] [SYS]     GET | /simpleLive/passwordRretrieval.html <qiniu-go>
[2017/07/27T11:55:04.246+08:00] [SYS]     GET | /simpleLive/wxLogin.html       <qiniu-go>
[2017/07/27T11:55:04.246+08:00] [SYS]     GET | /simpleLiveAjax/wxLogin        <qiniu-go>
[2017/07/27T11:55:04.246+08:00] [SYS]     GET | /static/*filepath              <qiniu-go>
[2017/07/27T11:55:04.246+08:00] [SYS]    POST | /test                          <qiniu-go>
[2017/07/27T11:55:04.246+08:00] [SYS]    POST | /testAjax                      <qiniu-go>
[2017/07/27T11:55:04.246+08:00] [SYS]     GET | /updatePassword.html           <qiniu-go>
[2017/07/27T11:55:04.246+08:00] [SYS]     GET | /upload/*filepath              <qiniu-go>
[2017/07/27T11:55:04.247+08:00] [SYS] listen and serve HTTP on 0.0.0.0:9999 <qiniu-go>
[2017/07/27T11:55:19.885+08:00] [I]       127.0.0.1     GET  200         11    138.209µs /encode                        |  <qiniu-go>
[2017/07/27T11:55:19.995+08:00] [I]       127.0.0.1     GET  404        226     47.813µs /favicon.ico                   |  <qiniu-go>
